<?xml version="1.0" encoding="UTF-8" ?>
<testsuites errors="1"
            failures="1"
            tests="2">

  <testsuite name="nightwatch.google"
    errors="1" failures="1" hostname="" id="" package="google" skipped="0"
    tests="2" time="28.18" timestamp="">
  
    <testcase name="Google title test" classname="nightwatch.google" time="1.851" assertions="1">

    
    </testcase>
  
    <testcase name="Google search test" classname="nightwatch.google" time="12.24" assertions="1">  <failure message="Timed out while waiting for element &lt;#main&gt; to be present for 5000 milliseconds. - expected &#34;visible&#34; but got: &#34;not found&#34; (5282ms)">    at Object.Google search test (C:\Users\Oscar\Desktop\Portfolio\webpack-portfolio-main\Typescript\webpack-react\nightwatch\google.ts:14:14)</failure>

    
    <error message="Timed out while waiting for element &lt;#main&gt; to be present for 5000 milliseconds. - expected [32m&#34;visible&#34;[39m but got: [31m&#34;not found&#34;[39m [90m(5282ms)[39m" type="error"><![CDATA[
    Error
    at Object.Google search test (C:\Users\Oscar\Desktop\Portfolio\webpack-portfolio-main\Typescript\webpack-react\nightwatch\google.ts:14:14)
    at Context.call (C:\Users\Oscar\Desktop\Portfolio\webpack-portfolio-main\Typescript\webpack-react\node_modules\nightwatch\lib\testsuite\context.js:515:35)
    at TestCase.run (C:\Users\Oscar\Desktop\Portfolio\webpack-portfolio-main\Typescript\webpack-react\node_modules\nightwatch\lib\testsuite\testcase.js:58:31)
    at Runnable.__runFn (C:\Users\Oscar\Desktop\Portfolio\webpack-portfolio-main\Typescript\webpack-react\node_modules\nightwatch\lib\testsuite\index.js:839:80)
    at Runnable.run (C:\Users\Oscar\Desktop\Portfolio\webpack-portfolio-main\Typescript\webpack-react\node_modules\nightwatch\lib\testsuite\runnable.js:126:21)
    at TestSuite.executeRunnable (C:\Users\Oscar\Desktop\Portfolio\webpack-portfolio-main\Typescript\webpack-react\node_modules\nightwatch\lib\testsuite\index.js:1000:49)
    at TestSuite.handleRunnable (C:\Users\Oscar\Desktop\Portfolio\webpack-portfolio-main\Typescript\webpack-react\node_modules\nightwatch\lib\testsuite\index.js:1015:33)
    at C:\Users\Oscar\Desktop\Portfolio\webpack-portfolio-main\Typescript\webpack-react\node_modules\nightwatch\lib\testsuite\index.js:839:21
    at async DefaultRunner.runTestSuite (C:\Users\Oscar\Desktop\Portfolio\webpack-portfolio-main\Typescript\webpack-react\node_modules\nightwatch\lib\runner\test-runners\default.js:83:7)
    at async DefaultRunner.promiseFn (C:\Users\Oscar\Desktop\Portfolio\webpack-portfolio-main\Typescript\webpack-react\node_modules\nightwatch\lib\runner\test-runners\default.js:101:7)
    ]]></error>
    
    </testcase>
  

  
    <system-err>
       TimeoutError
   An error occurred while running .setValue() command on &lt;textarea[name=q]&gt;: element not interactable
  (Session info: chrome=122.0.6261.113)
    {&#34;error&#34;:{&#34;name&#34;:&#34;ElementNotInteractableError&#34;,&#34;remoteStacktrace&#34;:&#34;&#34;},&#34;status&#34;:-1,&#34;value&#34;:null}

    Error location:
    C:\Users\Oscar\Desktop\Portfolio\webpack-portfolio-main\Typescript\webpack-react\nightwatch\google.ts:9
    –––––––––––––––––––––––––––––––––––––––––––––––––––––––––––––––––––––––––––––––––––––––––––––––––––––––
     7 | 
     8 |   &#39;Google search test&#39;: () =&gt; {
     9 |     browser 
     10 |       .setValue(&#39;textarea[name=q]&#39;, &#39;nightwatchjs&#39;)
     11 |       .perform(function(this: NightwatchAPI) {
    –––––––––––––––––––––––––––––––––––––––––––––––––––––––––––––––––––––––––––––––––––––––––––––––––––––––

    </system-err>
  

    

  
  </testsuite>
</testsuites>
